-1.0 -7.0 81.0185
5.0 -7.0 81.9444
-1.0 -1.0 75.0
5.0 -1.0 76.8519
-1.0 -13.0 55.5556
11.0 -13.0 82.4074
5.0 -13.0 80.0926
11.0 -1.0 76.8519
-1.0 1.0 58.7963
-3.0 -7.0 55.5556
11.0 1.0 67.5926
9.0 -13.0 80.5556
5.0 -11.0 78.7037
11.0 -11.0 81.4815
9.0 -1.0 76.8519
-3.0 -1.0 63.4259
5.0 1.0 67.5926
-3.0 -13.0 55.5556
9.0 -11.0 82.4074
9.0 -7.0 77.3148
-3.0 -11.0 55.5556
-3.0 1.0 55.5556
9.0 1.0 67.5926
3.0 -1.0 78.7037
11.0 -7.0 74.0741
-1.0 -11.0 55.5556
3.0 -7.0 80.0926
3.0 -13.0 55.5556
3.0 -11.0 80.0926
5.0 -5.0 77.3148
3.0 1.0 67.5926
15.0 1.0 67.5926
3.0 -5.0 79.6296
-3.0 -5.0 81.9444
-1.0 -5.0 79.6296
9.0 -5.0 74.0741
15.0 -1.0 76.8519
5.0 -15.0 55.5556
-1.0 -15.0 55.5556
11.0 -5.0 75.9259
15.0 -13.0 80.5556
9.0 -15.0 78.7037
11.0 -15.0 80.5556
-3.0 -15.0 55.5556
3.0 -15.0 55.5556
15.0 -5.0 74.537
15.0 -15.0 81.0185
-5.0 -1.0 55.5556
-5.0 -7.0 55.5556
-5.0 -13.0 55.5556
-5.0 -15.0 55.5556
-5.0 -11.0 55.5556
-5.0 1.0 55.5556
-5.0 -5.0 55.5556
5.0 3.0 56.4815
15.0 -11.0 78.7037
-3.0 3.0 55.5556
7.0 -13.0 78.7037
3.0 3.0 56.4815
-1.0 3.0 55.5556
7.0 -7.0 79.6296
7.0 1.0 67.5926
7.0 -1.0 76.8519
11.0 3.0 56.4815
15.0 3.0 56.4815
9.0 3.0 56.4815
7.0 -15.0 80.0926
7.0 -5.0 75.0
7.0 3.0 56.4815
-5.0 3.0 55.5556
7.0 -11.0 80.5556
11.0 -9.0 78.7037
9.0 -9.0 82.4074
5.0 -9.0 80.5556
-1.0 -9.0 55.5556
7.0 -9.0 82.4074
3.0 -9.0 78.2407
15.0 -7.0 73.6111
-3.0 -9.0 55.5556
1.0 -1.0 78.2407
-5.0 -9.0 55.5556
1.0 -7.0 78.2407
1.0 -9.0 80.0926
11.0 -3.0 75.463
5.0 -3.0 75.0
-1.0 -3.0 78.7037
9.0 -3.0 75.463
1.0 1.0 68.5185
1.0 -13.0 55.5556
1.0 -5.0 80.5556
1.0 -11.0 55.5556
1.0 -15.0 55.5556
-5.0 -3.0 55.5556
1.0 3.0 56.4815
-3.0 -3.0 79.6296
3.0 -3.0 76.8519
15.0 -3.0 75.463
1.0 -3.0 77.7778
7.0 -3.0 75.9259
13.0 1.0 67.5926
13.0 -1.0 76.8519
13.0 -15.0 82.8704
13.0 -13.0 81.0185
15.0 -9.0 74.537
13.0 -11.0 81.4815
13.0 -3.0 75.463
13.0 3.0 56.4815
13.0 -5.0 74.537
13.0 -9.0 77.3148
13.0 -7.0 74.537
